---------------
9/14/2017 10:59:45
Authentification ==> API launched
---------------
9/14/2017 10:59:45
prescription ==> API launched
---------------
9/14/2017 10:59:45
user ==> API launched
---------------
9/14/2017 10:59:45
prescriptionline ==> API launched
---------------
9/14/2017 10:59:45
doc ==> API launched
---------------
9/14/2017 10:59:45
docdescription ==> API launched
---------------
9/14/2017 10:59:45
Listening port 4000
---------------
9/14/2017 10:59:46
Connexion to the database as id null ended !
---------------
9/14/2017 11:0:34
Authentification ==> API launched
---------------
9/14/2017 11:0:34
user ==> API launched
---------------
9/14/2017 11:0:34
prescription ==> API launched
---------------
9/14/2017 11:0:34
doc ==> API launched
---------------
9/14/2017 11:0:34
Listening port 4000
---------------
9/14/2017 11:0:34
prescriptionline ==> API launched
---------------
9/14/2017 11:0:34
docdescription ==> API launched
---------------
9/14/2017 11:0:34
Connected to the database as id 2
---------------
9/14/2017 11:31:35
Connected to the database as id 3
---------------
9/14/2017 11:31:35
Connexion to the database as id 3 ended !
---------------
9/14/2017 11:31:35
User Id: 5, login: admin
---------------
9/14/2017 11:31:41
SELECT * FROM user ORDER BY user.iduser
---------------
9/14/2017 11:31:41
User Id: 5, login: admin
---------------
9/14/2017 11:31:41
Connected to the database as id 4
---------------
9/14/2017 11:31:41
Connexion to the database as id 4 ended !
---------------
9/14/2017 11:31:47
SELECT * FROM user WHERE iduser='5' ORDER BY user.iduser
---------------
9/14/2017 11:31:47
User Id: 5, login: admin
---------------
9/14/2017 11:31:47
Connected to the database as id 5
---------------
9/14/2017 11:31:47
Connexion to the database as id 5 ended !
---------------
9/14/2017 11:31:49
SELECT * FROM user ORDER BY user.iduser
---------------
9/14/2017 11:31:49
User Id: 5, login: admin
---------------
9/14/2017 11:31:49
Connected to the database as id 6
---------------
9/14/2017 11:31:49
Connexion to the database as id 6 ended !
---------------
9/14/2017 11:37:38
Connected to the database as id 13
---------------
9/14/2017 11:37:38
Connexion to the database as id 13 ended !
---------------
9/14/2017 11:37:38
User Id: 5, login: admin
---------------
9/14/2017 11:37:44
SELECT * FROM user ORDER BY user.iduser
---------------
9/14/2017 11:37:44
User Id: 5, login: admin
---------------
9/14/2017 11:37:44
Connected to the database as id 14
---------------
9/14/2017 11:37:44
Connexion to the database as id 14 ended !
---------------
9/14/2017 11:37:58
SELECT * FROM user WHERE iduser='7' ORDER BY user.iduser
---------------
9/14/2017 11:37:58
User Id: 5, login: admin
---------------
9/14/2017 11:37:58
Connected to the database as id 15
---------------
9/14/2017 11:37:58
Connexion to the database as id 15 ended !
---------------
9/14/2017 11:38:27
/crypt
---------------
9/14/2017 11:38:27
{"encrypted":"$2a$10$Vn/zPCM8sSSaYnRmggV4COQXjEecOFyt.ix8QxufhSIDLDyVrHfMC"}
---------------
9/14/2017 11:38:27
SELECT * FROM user WHERE iduser='7'
---------------
9/14/2017 11:38:27
User Id: 5, login: admin
---------------
9/14/2017 11:38:27
Connected to the database as id 16
---------------
9/14/2017 11:38:27
Connexion to the database as id 16 ended !
---------------
9/14/2017 11:38:27
UPDATE user SET iduser = '7', login = 'chlux', password = '$2a$10$Vn/zPCM8sSSaYnRmggV4COh1QmHDs/qocEWZffTvSMgXTkCbTq6Xy', email = 'chlux', type = '0', country = 'LU', lastname = 'chlux', firstname = 'chlux', phone1 = null, phone2 = null, phone3 = null, office = null, tag = '', availability = null, lang = 'FR', postalcode = null, city = null, address1 = null, address2 = null, application = 'DOCUMENTATION' WHERE iduser='7'
---------------
9/14/2017 11:38:27
User Id: 5, login: admin
---------------
9/14/2017 11:38:27
Connected to the database as id 17
---------------
9/14/2017 11:38:27
Connexion to the database as id 17 ended !
---------------
9/14/2017 11:38:47
Connected to the database as id 18
---------------
9/14/2017 11:38:47
Connexion to the database as id 18 ended !
---------------
9/14/2017 11:38:47
/get
---------------
9/14/2017 11:38:47
Wrong password or login
---------------
9/14/2017 11:38:55
Connected to the database as id 19
---------------
9/14/2017 11:38:55
Connexion to the database as id 19 ended !
---------------
9/14/2017 11:38:55
Wrong password or login
---------------
9/14/2017 11:38:55
/get
---------------
9/14/2017 11:42:20
Connected to the database as id 20
---------------
9/14/2017 11:42:20
Connexion to the database as id 20 ended !
---------------
9/14/2017 11:42:32
Connected to the database as id 21
---------------
9/14/2017 11:42:32
Connexion to the database as id 21 ended !
---------------
9/14/2017 11:42:32
Wrong password or login
---------------
9/14/2017 11:42:32
/get
---------------
9/14/2017 11:42:56
Connected to the database as id 22
---------------
9/14/2017 11:42:56
User Id: 5, login: admin
---------------
9/14/2017 11:42:56
Connexion to the database as id 22 ended !
---------------
9/14/2017 11:56:48
Connected to the database as id 23
---------------
9/14/2017 11:56:48
Connexion to the database as id 23 ended !
---------------
9/14/2017 11:56:48
/get
---------------
9/14/2017 11:56:48
Wrong password or login
---------------
9/14/2017 11:56:53
Connected to the database as id 24
---------------
9/14/2017 11:56:53
Connexion to the database as id 24 ended !
---------------
9/14/2017 11:56:53
User Id: 5, login: admin
---------------
9/14/2017 11:56:59
SELECT * FROM user ORDER BY user.iduser
---------------
9/14/2017 11:56:59
User Id: 5, login: admin
---------------
9/14/2017 11:56:59
Connected to the database as id 25
---------------
9/14/2017 11:56:59
Connexion to the database as id 25 ended !
---------------
9/14/2017 11:57:4
SELECT * FROM user WHERE iduser='5' ORDER BY user.iduser
---------------
9/14/2017 11:57:4
User Id: 5, login: admin
---------------
9/14/2017 11:57:4
Connected to the database as id 26
---------------
9/14/2017 11:57:4
Connexion to the database as id 26 ended !
---------------
9/14/2017 11:57:10
SELECT * FROM user ORDER BY user.iduser
---------------
9/14/2017 11:57:10
User Id: 5, login: admin
---------------
9/14/2017 11:57:10
Connected to the database as id 27
---------------
9/14/2017 11:57:10
Connexion to the database as id 27 ended !
---------------
9/14/2017 11:57:12
SELECT * FROM user WHERE iduser='5' ORDER BY user.iduser
---------------
9/14/2017 11:57:12
User Id: 5, login: admin
---------------
9/14/2017 11:57:12
Connected to the database as id 28
---------------
9/14/2017 11:57:12
Connexion to the database as id 28 ended !
---------------
9/14/2017 11:59:16
SELECT * FROM user WHERE iduser='5' ORDER BY user.iduser
---------------
9/14/2017 11:59:16
User Id: 5, login: admin
---------------
9/14/2017 11:59:16
Connected to the database as id 29
---------------
9/14/2017 11:59:16
Connexion to the database as id 29 ended !
---------------
9/14/2017 11:59:37
SELECT * FROM user WHERE iduser='5' ORDER BY user.iduser
---------------
9/14/2017 11:59:37
User Id: 5, login: admin
---------------
9/14/2017 11:59:37
Connected to the database as id 30
---------------
9/14/2017 11:59:37
Connexion to the database as id 30 ended !
---------------
9/14/2017 11:59:59
SELECT * FROM user ORDER BY user.iduser
---------------
9/14/2017 11:59:59
User Id: 5, login: admin
---------------
9/14/2017 11:59:59
Connected to the database as id 31
---------------
9/14/2017 11:59:59
Connexion to the database as id 31 ended !
---------------
9/14/2017 12:0:28
Connected to the database as id 32
---------------
9/14/2017 12:0:28
Connexion to the database as id 32 ended !
---------------
9/14/2017 12:0:28
User Id: 5, login: admin
---------------
9/14/2017 12:0:33
SELECT * FROM user ORDER BY user.iduser
---------------
9/14/2017 12:0:33
User Id: 5, login: admin
---------------
9/14/2017 12:0:33
Connected to the database as id 33
---------------
9/14/2017 12:0:33
Connexion to the database as id 33 ended !
---------------
9/14/2017 12:0:35
SELECT * FROM user WHERE iduser='5' ORDER BY user.iduser
---------------
9/14/2017 12:0:35
User Id: 5, login: admin
---------------
9/14/2017 12:0:35
Connected to the database as id 34
---------------
9/14/2017 12:0:35
Connexion to the database as id 34 ended !
---------------
9/14/2017 12:0:37
SELECT * FROM user ORDER BY user.iduser
---------------
9/14/2017 12:0:38
User Id: 5, login: admin
---------------
9/14/2017 12:0:38
Connected to the database as id 35
---------------
9/14/2017 12:0:38
Connexion to the database as id 35 ended !
---------------
9/14/2017 12:0:40
SELECT * FROM user WHERE iduser='16' ORDER BY user.iduser
---------------
9/14/2017 12:0:40
User Id: 5, login: admin
---------------
9/14/2017 12:0:40
Connected to the database as id 36
---------------
9/14/2017 12:0:40
Connexion to the database as id 36 ended !
---------------
9/14/2017 12:0:50
SELECT * FROM user WHERE iduser='15' ORDER BY user.iduser
---------------
9/14/2017 12:0:50
User Id: 5, login: admin
---------------
9/14/2017 12:0:50
Connected to the database as id 37
---------------
9/14/2017 12:0:50
Connexion to the database as id 37 ended !
---------------
9/14/2017 12:1:59
SELECT * FROM user ORDER BY user.iduser
---------------
9/14/2017 12:1:59
User Id: 5, login: admin
---------------
9/14/2017 12:1:59
Connected to the database as id 38
---------------
9/14/2017 12:1:59
Connexion to the database as id 38 ended !
---------------
9/14/2017 12:3:32
SELECT * FROM user WHERE iduser='5' ORDER BY user.iduser
---------------
9/14/2017 12:3:32
User Id: 5, login: admin
---------------
9/14/2017 12:3:32
Connected to the database as id 39
---------------
9/14/2017 12:3:32
Connexion to the database as id 39 ended !
---------------
9/14/2017 12:3:35
SELECT * FROM user ORDER BY user.iduser
---------------
9/14/2017 12:3:35
User Id: 5, login: admin
---------------
9/14/2017 12:3:35
Connected to the database as id 40
---------------
9/14/2017 12:3:35
Connexion to the database as id 40 ended !
---------------
9/14/2017 12:3:38
SELECT * FROM user WHERE iduser='15' ORDER BY user.iduser
---------------
9/14/2017 12:3:38
User Id: 5, login: admin
---------------
9/14/2017 12:3:38
Connected to the database as id 41
---------------
9/14/2017 12:3:38
Connexion to the database as id 41 ended !
---------------
9/14/2017 12:4:12
SELECT * FROM user WHERE iduser='15' ORDER BY user.iduser
---------------
9/14/2017 12:4:12
User Id: 5, login: admin
---------------
9/14/2017 12:4:12
Connected to the database as id 42
---------------
9/14/2017 12:4:12
Connexion to the database as id 42 ended !
---------------
9/14/2017 12:4:52
SELECT * FROM user WHERE iduser='15' ORDER BY user.iduser
---------------
9/14/2017 12:4:52
User Id: 5, login: admin
---------------
9/14/2017 12:4:52
Connected to the database as id 43
---------------
9/14/2017 12:4:52
Connexion to the database as id 43 ended !
---------------
9/14/2017 12:5:27
SELECT * FROM user WHERE iduser='15' ORDER BY user.iduser
---------------
9/14/2017 12:5:27
User Id: 5, login: admin
---------------
9/14/2017 12:5:27
Connected to the database as id 44
---------------
9/14/2017 12:5:27
Connexion to the database as id 44 ended !
---------------
9/14/2017 12:6:8
SELECT * FROM user WHERE iduser='15' ORDER BY user.iduser
---------------
9/14/2017 12:6:8
User Id: 5, login: admin
---------------
9/14/2017 12:6:8
Connected to the database as id 45
---------------
9/14/2017 12:6:8
Connexion to the database as id 45 ended !
---------------
9/14/2017 12:7:27
SELECT * FROM user WHERE iduser='15' ORDER BY user.iduser
---------------
9/14/2017 12:7:27
User Id: 5, login: admin
---------------
9/14/2017 12:7:27
Connected to the database as id 46
---------------
9/14/2017 12:7:27
Connexion to the database as id 46 ended !
---------------
9/14/2017 12:8:8
SELECT * FROM user WHERE iduser='15' ORDER BY user.iduser
---------------
9/14/2017 12:8:8
User Id: 5, login: admin
---------------
9/14/2017 12:8:8
Connected to the database as id 47
---------------
9/14/2017 12:8:8
Connexion to the database as id 47 ended !
---------------
9/14/2017 12:8:20
SELECT * FROM user WHERE iduser='15' ORDER BY user.iduser
---------------
9/14/2017 12:8:20
User Id: 5, login: admin
---------------
9/14/2017 12:8:20
Connected to the database as id 48
---------------
9/14/2017 12:8:20
Connexion to the database as id 48 ended !
---------------
9/14/2017 12:8:29
SELECT * FROM user WHERE iduser='15' ORDER BY user.iduser
---------------
9/14/2017 12:8:29
User Id: 5, login: admin
---------------
9/14/2017 12:8:29
Connected to the database as id 49
---------------
9/14/2017 12:8:29
Connexion to the database as id 49 ended !
---------------
9/14/2017 12:8:45
SELECT * FROM user WHERE iduser='15' ORDER BY user.iduser
---------------
9/14/2017 12:8:45
User Id: 5, login: admin
---------------
9/14/2017 12:8:45
Connected to the database as id 50
---------------
9/14/2017 12:8:45
Connexion to the database as id 50 ended !
---------------
9/14/2017 12:9:24
SELECT * FROM user WHERE iduser='15' ORDER BY user.iduser
---------------
9/14/2017 12:9:24
User Id: 5, login: admin
---------------
9/14/2017 12:9:24
Connected to the database as id 51
---------------
9/14/2017 12:9:24
Connexion to the database as id 51 ended !
---------------
9/14/2017 12:9:34
SELECT * FROM user WHERE iduser='15' ORDER BY user.iduser
---------------
9/14/2017 12:9:34
User Id: 5, login: admin
---------------
9/14/2017 12:9:34
Connected to the database as id 52
---------------
9/14/2017 12:9:34
Connexion to the database as id 52 ended !
---------------
9/14/2017 12:9:55
SELECT * FROM user WHERE iduser='15' ORDER BY user.iduser
---------------
9/14/2017 12:9:55
User Id: 5, login: admin
---------------
9/14/2017 12:9:55
Connected to the database as id 53
---------------
9/14/2017 12:9:55
Connexion to the database as id 53 ended !
---------------
9/14/2017 12:11:10
SELECT * FROM user WHERE iduser='15' ORDER BY user.iduser
---------------
9/14/2017 12:11:10
User Id: 5, login: admin
---------------
9/14/2017 12:11:10
Connected to the database as id 54
---------------
9/14/2017 12:11:10
Connexion to the database as id 54 ended !
---------------
9/14/2017 12:11:24
SELECT * FROM user WHERE iduser='15' ORDER BY user.iduser
---------------
9/14/2017 12:11:24
User Id: 5, login: admin
---------------
9/14/2017 12:11:24
Connected to the database as id 55
---------------
9/14/2017 12:11:24
Connexion to the database as id 55 ended !
---------------
9/14/2017 12:11:40
SELECT * FROM user WHERE iduser='15' ORDER BY user.iduser
---------------
9/14/2017 12:11:40
User Id: 5, login: admin
---------------
9/14/2017 12:11:40
Connected to the database as id 56
---------------
9/14/2017 12:11:40
Connexion to the database as id 56 ended !
---------------
9/14/2017 12:12:8
SELECT * FROM user WHERE iduser='15' ORDER BY user.iduser
---------------
9/14/2017 12:12:8
User Id: 5, login: admin
---------------
9/14/2017 12:12:8
Connected to the database as id 57
---------------
9/14/2017 12:12:8
Connexion to the database as id 57 ended !
---------------
9/14/2017 12:12:21
SELECT * FROM user WHERE iduser='15' ORDER BY user.iduser
---------------
9/14/2017 12:12:21
User Id: 5, login: admin
---------------
9/14/2017 12:12:21
Connected to the database as id 58
---------------
9/14/2017 12:12:21
Connexion to the database as id 58 ended !
---------------
9/14/2017 12:12:46
SELECT * FROM user WHERE iduser='15' ORDER BY user.iduser
---------------
9/14/2017 12:12:46
User Id: 5, login: admin
---------------
9/14/2017 12:12:46
Connected to the database as id 59
---------------
9/14/2017 12:12:46
Connexion to the database as id 59 ended !
---------------
9/14/2017 12:13:30
SELECT * FROM user WHERE iduser='15' ORDER BY user.iduser
---------------
9/14/2017 12:13:30
User Id: 5, login: admin
---------------
9/14/2017 12:13:30
Connected to the database as id 60
---------------
9/14/2017 12:13:30
Connexion to the database as id 60 ended !
---------------
9/14/2017 12:13:42
SELECT * FROM user WHERE iduser='15' ORDER BY user.iduser
---------------
9/14/2017 12:13:42
User Id: 5, login: admin
---------------
9/14/2017 12:13:42
Connected to the database as id 61
---------------
9/14/2017 12:13:42
Connexion to the database as id 61 ended !
---------------
9/14/2017 12:14:24
SELECT * FROM user WHERE iduser='15' ORDER BY user.iduser
---------------
9/14/2017 12:14:24
User Id: 5, login: admin
---------------
9/14/2017 12:14:24
Connected to the database as id 62
---------------
9/14/2017 12:14:24
Connexion to the database as id 62 ended !
---------------
9/14/2017 12:14:52
SELECT * FROM user WHERE iduser='15' ORDER BY user.iduser
---------------
9/14/2017 12:14:52
User Id: 5, login: admin
---------------
9/14/2017 12:14:52
Connected to the database as id 63
---------------
9/14/2017 12:14:52
Connexion to the database as id 63 ended !
---------------
9/14/2017 12:15:22
SELECT * FROM user WHERE iduser='15' ORDER BY user.iduser
---------------
9/14/2017 12:15:22
User Id: 5, login: admin
---------------
9/14/2017 12:15:22
Connected to the database as id 64
---------------
9/14/2017 12:15:22
Connexion to the database as id 64 ended !
---------------
9/14/2017 12:15:38
SELECT * FROM user WHERE iduser='15' ORDER BY user.iduser
---------------
9/14/2017 12:15:38
User Id: 5, login: admin
---------------
9/14/2017 12:15:38
Connected to the database as id 65
---------------
9/14/2017 12:15:38
Connexion to the database as id 65 ended !
---------------
9/14/2017 12:16:5
SELECT * FROM user WHERE iduser='15' ORDER BY user.iduser
---------------
9/14/2017 12:16:5
User Id: 5, login: admin
---------------
9/14/2017 12:16:5
Connected to the database as id 66
---------------
9/14/2017 12:16:5
Connexion to the database as id 66 ended !
---------------
9/14/2017 12:16:54
SELECT * FROM user WHERE iduser='15' ORDER BY user.iduser
---------------
9/14/2017 12:16:54
User Id: 5, login: admin
---------------
9/14/2017 12:16:54
Connected to the database as id 67
---------------
9/14/2017 12:16:54
Connexion to the database as id 67 ended !
---------------
9/14/2017 12:17:14
SELECT * FROM user WHERE iduser='15' ORDER BY user.iduser
---------------
9/14/2017 12:17:14
User Id: 5, login: admin
---------------
9/14/2017 12:17:14
Connected to the database as id 68
---------------
9/14/2017 12:17:14
Connexion to the database as id 68 ended !
---------------
9/14/2017 12:17:47
SELECT * FROM user WHERE iduser='15' ORDER BY user.iduser
---------------
9/14/2017 12:17:47
User Id: 5, login: admin
---------------
9/14/2017 12:17:47
Connected to the database as id 69
---------------
9/14/2017 12:17:47
Connexion to the database as id 69 ended !
---------------
9/14/2017 12:18:0
SELECT * FROM user WHERE iduser='15' ORDER BY user.iduser
---------------
9/14/2017 12:18:0
User Id: 5, login: admin
---------------
9/14/2017 12:18:0
Connected to the database as id 70
---------------
9/14/2017 12:18:0
Connexion to the database as id 70 ended !
---------------
9/14/2017 12:18:11
SELECT * FROM user WHERE iduser='15' ORDER BY user.iduser
---------------
9/14/2017 12:18:11
User Id: 5, login: admin
---------------
9/14/2017 12:18:11
Connected to the database as id 71
---------------
9/14/2017 12:18:11
Connexion to the database as id 71 ended !
---------------
9/15/2017 5:44:54
Connected to the database as id 74
---------------
9/15/2017 5:44:54
Connexion to the database as id 74 ended !
---------------
9/15/2017 5:44:54
User Id: 5, login: admin
---------------
9/15/2017 5:44:59
SELECT * FROM user ORDER BY user.iduser
---------------
9/15/2017 5:44:59
User Id: 5, login: admin
---------------
9/15/2017 5:44:59
Connected to the database as id 75
---------------
9/15/2017 5:44:59
Connexion to the database as id 75 ended !
---------------
9/15/2017 5:45:2
SELECT * FROM user WHERE iduser='5' ORDER BY user.iduser
---------------
9/15/2017 5:45:2
User Id: 5, login: admin
---------------
9/15/2017 5:45:2
Connected to the database as id 76
---------------
9/15/2017 5:45:2
Connexion to the database as id 76 ended !
---------------
9/15/2017 5:45:4
SELECT * FROM user ORDER BY user.iduser
---------------
9/15/2017 5:45:4
User Id: 5, login: admin
---------------
9/15/2017 5:45:4
Connected to the database as id 77
---------------
9/15/2017 5:45:4
Connexion to the database as id 77 ended !
---------------
9/15/2017 5:45:7
SELECT * FROM user WHERE iduser='13' ORDER BY user.iduser
---------------
9/15/2017 5:45:7
User Id: 5, login: admin
---------------
9/15/2017 5:45:7
Connected to the database as id 78
---------------
9/15/2017 5:45:7
Connexion to the database as id 78 ended !
---------------
9/15/2017 7:37:25
user ==> API launched
---------------
9/15/2017 7:37:25
Authentification ==> API launched
---------------
9/15/2017 7:37:25
prescription ==> API launched
---------------
9/15/2017 7:37:25
prescriptionline ==> API launched
---------------
9/15/2017 7:37:25
docdescription ==> API launched
---------------
9/15/2017 7:37:25
Listening port 4000
---------------
9/15/2017 7:37:25
doc ==> API launched
---------------
9/15/2017 7:37:25
Connexion to the database as id null ended !
---------------
9/15/2017 7:37:42
Authentification ==> API launched
---------------
9/15/2017 7:37:42
prescription ==> API launched
---------------
9/15/2017 7:37:42
user ==> API launched
---------------
9/15/2017 7:37:42
prescriptionline ==> API launched
---------------
9/15/2017 7:37:42
doc ==> API launched
---------------
9/15/2017 7:37:42
docdescription ==> API launched
---------------
9/15/2017 7:37:42
Listening port 4000
---------------
9/15/2017 7:37:42
Connexion to the database as id null ended !
---------------
9/15/2017 7:38:7
Authentification ==> API launched
---------------
9/15/2017 7:38:7
user ==> API launched
---------------
9/15/2017 7:38:7
prescription ==> API launched
---------------
9/15/2017 7:38:7
prescriptionline ==> API launched
---------------
9/15/2017 7:38:7
doc ==> API launched
---------------
9/15/2017 7:38:7
docdescription ==> API launched
---------------
9/15/2017 7:38:7
Listening port 4000
---------------
9/15/2017 7:38:7
Connexion to the database as id null ended !
---------------
9/15/2017 7:38:17
Authentification ==> API launched
---------------
9/15/2017 7:38:17
user ==> API launched
---------------
9/15/2017 7:38:17
prescription ==> API launched
---------------
9/15/2017 7:38:17
prescriptionline ==> API launched
---------------
9/15/2017 7:38:17
doc ==> API launched
---------------
9/15/2017 7:38:17
docdescription ==> API launched
---------------
9/15/2017 7:38:17
Listening port 4000
---------------
9/15/2017 7:38:17
Connexion to the database as id null ended !
---------------
9/15/2017 7:41:29
Authentification ==> API launched
---------------
9/15/2017 7:41:29
user ==> API launched
---------------
9/15/2017 7:41:29
prescription ==> API launched
---------------
9/15/2017 7:41:29
prescriptionline ==> API launched
---------------
9/15/2017 7:41:29
docdescription ==> API launched
---------------
9/15/2017 7:41:29
Listening port 4000
---------------
9/15/2017 7:41:29
doc ==> API launched
---------------
9/15/2017 7:41:29
Connexion to the database as id null ended !
---------------
9/15/2017 7:48:23
Authentification ==> API launched
---------------
9/15/2017 7:48:23
user ==> API launched
---------------
9/15/2017 7:48:23
prescription ==> API launched
---------------
9/15/2017 7:48:23
prescriptionline ==> API launched
---------------
9/15/2017 7:48:23
doc ==> API launched
---------------
9/15/2017 7:48:23
docdescription ==> API launched
---------------
9/15/2017 7:48:23
Listening port 4000
---------------
9/15/2017 7:48:23
Connexion to the database as id null ended !
---------------
9/15/2017 7:49:0
Authentification ==> API launched
---------------
9/15/2017 7:49:0
user ==> API launched
---------------
9/15/2017 7:49:0
prescriptionline ==> API launched
---------------
9/15/2017 7:49:0
prescription ==> API launched
---------------
9/15/2017 7:49:0
doc ==> API launched
---------------
9/15/2017 7:49:0
docdescription ==> API launched
---------------
9/15/2017 7:49:0
Listening port 4000
---------------
9/15/2017 7:49:0
Connexion to the database as id null ended !
---------------
9/15/2017 7:49:48
Authentification ==> API launched
---------------
9/15/2017 7:49:48
user ==> API launched
---------------
9/15/2017 7:49:48
prescription ==> API launched
---------------
9/15/2017 7:49:48
docdescription ==> API launched
---------------
9/15/2017 7:49:48
doc ==> API launched
---------------
9/15/2017 7:49:48
prescriptionline ==> API launched
---------------
9/15/2017 7:49:48
Listening port 4000
---------------
9/15/2017 7:49:48
Connected to the database as id 91
---------------
9/15/2017 7:50:15
Authentification ==> API launched
---------------
9/15/2017 7:50:15
prescriptionline ==> API launched
---------------
9/15/2017 7:50:15
user ==> API launched
---------------
9/15/2017 7:50:15
docdescription ==> API launched
---------------
9/15/2017 7:50:15
doc ==> API launched
---------------
9/15/2017 7:50:15
prescription ==> API launched
---------------
9/15/2017 7:50:15
Listening port 4000
---------------
9/15/2017 7:50:15
Connected to the database as id 92
---------------
9/15/2017 7:52:19
Authentification ==> API launched
---------------
9/15/2017 7:52:19
user ==> API launched
---------------
9/15/2017 7:52:19
prescription ==> API launched
---------------
9/15/2017 7:52:19
prescriptionline ==> API launched
---------------
9/15/2017 7:52:19
doc ==> API launched
---------------
9/15/2017 7:52:19
docdescription ==> API launched
---------------
9/15/2017 7:52:19
Listening port 4000
---------------
9/15/2017 7:52:19
Connected to the database as id 93
---------------
9/15/2017 7:52:35
SHOW FIELDS FROM user
---------------
9/15/2017 7:52:35
User Id: 1, login: admin
---------------
9/15/2017 7:52:35
Connected to the database as id 94
---------------
9/15/2017 7:52:35
Connexion to the database as id 94 ended !
---------------
9/15/2017 7:54:33
Authentification ==> API launched
---------------
9/15/2017 7:54:33
user ==> API launched
---------------
9/15/2017 7:54:33
prescription ==> API launched
---------------
9/15/2017 7:54:33
doc ==> API launched
---------------
9/15/2017 7:54:33
prescriptionline ==> API launched
---------------
9/15/2017 7:54:33
docdescription ==> API launched
---------------
9/15/2017 7:54:33
Listening port 4000
---------------
9/15/2017 7:54:33
Connected to the database as id 95
---------------
9/15/2017 7:56:9
Authentification ==> API launched
---------------
9/15/2017 7:56:36
user ==> API launched
---------------
9/15/2017 7:57:41
prescription ==> API launched
---------------
9/15/2017 7:57:41
prescriptionline ==> API launched
---------------
9/15/2017 7:57:41
doc ==> API launched
---------------
9/15/2017 7:57:41
docdescription ==> API launched
---------------
9/15/2017 7:57:41
Listening port 4000
---------------
9/15/2017 7:57:41
Connexion to the database as id null ended !
---------------
9/15/2017 7:58:3
SELECT * FROM user WHERE iduser='null'
---------------
9/15/2017 7:58:3
INSERT INTO user(login, email, password, type, country, lastName, firstName, phone1, phone2, phone3, office, tag, availability, lang, postalcode, city, address1, address2)  VALUES (login'2017-08-05 19:58:03', email'2017-08-05 19:58:03', password'2017-08-05 19:58:03', type'2017-08-05 19:58:03', country'2017-08-05 19:58:03', lastName'2017-08-05 19:58:03', firstName'2017-08-05 19:58:03', phone1'2017-08-05 19:58:03', phone2'2017-08-05 19:58:03', phone3'2017-08-05 19:58:03', office'2017-08-05 19:58:03', tag'2017-08-05 19:58:03', availability'2017-08-05 19:58:03', lang'2017-08-05 19:58:03', postalcode'2017-08-05 19:58:03', city'2017-08-05 19:58:03', address1'2017-08-05 19:58:03', address2'2017-08-05 19:58:03')
---------------
9/15/2017 7:58:3
Connected to the database as id 98
---------------
9/15/2017 7:58:3
Connected to the database as id 98
---------------
9/15/2017 7:58:28
Authentification ==> API launched
---------------
9/15/2017 7:58:31
prescription ==> API launched
---------------
9/15/2017 7:58:31
user ==> API launched
---------------
9/15/2017 7:58:31
prescriptionline ==> API launched
---------------
9/15/2017 7:58:31
doc ==> API launched
---------------
9/15/2017 7:58:31
docdescription ==> API launched
---------------
9/15/2017 7:58:31
Listening port 4000
---------------
9/15/2017 7:58:31
Connected to the database as id 99
---------------
9/15/2017 7:59:15
Authentification ==> API launched
---------------
9/15/2017 7:59:15
prescription ==> API launched
---------------
9/15/2017 7:59:15
prescriptionline ==> API launched
---------------
9/15/2017 7:59:15
doc ==> API launched
---------------
9/15/2017 7:59:15
docdescription ==> API launched
---------------
9/15/2017 7:59:15
Listening port 4000
---------------
9/15/2017 7:59:15
Connected to the database as id 100
---------------
9/15/2017 8:1:17
Authentification ==> API launched
---------------
9/15/2017 8:1:17
user ==> API launched
---------------
9/15/2017 8:1:17
prescription ==> API launched
---------------
9/15/2017 8:1:17
doc ==> API launched
---------------
9/15/2017 8:1:17
prescriptionline ==> API launched
---------------
9/15/2017 8:1:17
docdescription ==> API launched
---------------
9/15/2017 8:1:17
Listening port 4000
---------------
9/15/2017 8:1:17
Connected to the database as id 101
---------------
9/15/2017 8:1:30
SELECT * FROM user WHERE iduser='null'
---------------
9/15/2017 8:1:30
User Id: 1, login: admin
---------------
9/15/2017 8:1:30
Connected to the database as id 102
---------------
9/15/2017 8:1:30
Connexion to the database as id 102 ended !
---------------
9/15/2017 8:1:30
INSERT INTO user(login, email, password, type, country, lastName, firstName, phone1, phone2, phone3, office, tag, availability, lang, postalcode, city, address1, address2, validated)  VALUES (login'2017-08-05 20:01:30', email'2017-08-05 20:01:30', password'2017-08-05 20:01:30', type'2017-08-05 20:01:30', country'2017-08-05 20:01:30', lastName'2017-08-05 20:01:30', firstName'2017-08-05 20:01:30', phone1'2017-08-05 20:01:30', phone2'2017-08-05 20:01:30', phone3'2017-08-05 20:01:30', office'2017-08-05 20:01:30', tag'2017-08-05 20:01:30', availability'2017-08-05 20:01:30', lang'2017-08-05 20:01:30', postalcode'2017-08-05 20:01:30', city'2017-08-05 20:01:30', address1'2017-08-05 20:01:30', address2'2017-08-05 20:01:30', validated'2017-08-05 20:01:30')
---------------
9/15/2017 8:1:30
User Id: 1, login: admin
---------------
9/15/2017 8:1:30
Connected to the database as id 103
---------------
9/15/2017 8:1:30
Connexion to the database as id 103 ended !
---------------
9/15/2017 8:2:25
Authentification ==> API launched
---------------
9/15/2017 8:2:25
user ==> API launched
---------------
9/15/2017 8:2:25
prescription ==> API launched
---------------
9/15/2017 8:2:25
prescriptionline ==> API launched
---------------
9/15/2017 8:2:25
doc ==> API launched
---------------
9/15/2017 8:2:25
docdescription ==> API launched
---------------
9/15/2017 8:2:25
Listening port 4000
---------------
9/15/2017 8:2:25
Connected to the database as id 104
---------------
9/15/2017 8:2:28
SELECT * FROM user WHERE iduser='null'
---------------
9/15/2017 8:2:28
User Id: 1, login: admin
---------------
9/15/2017 8:2:28
Connected to the database as id 105
---------------
9/15/2017 8:2:28
Connexion to the database as id 105 ended !
---------------
9/15/2017 8:2:28
INSERT INTO user(login, email, password, type, country, lastName, firstName, phone1, phone2, phone3, office, tag, availability, lang, postalcode, city, address1, address2, validated)  VALUES ('2017-08-05 20:02:28', '2017-08-05 20:02:28', '2017-08-05 20:02:28', '2017-08-05 20:02:28', '2017-08-05 20:02:28', '2017-08-05 20:02:28', '2017-08-05 20:02:28', '2017-08-05 20:02:28', '2017-08-05 20:02:28', '2017-08-05 20:02:28', '2017-08-05 20:02:28', '2017-08-05 20:02:28', '2017-08-05 20:02:28', '2017-08-05 20:02:28', '2017-08-05 20:02:28', '2017-08-05 20:02:28', '2017-08-05 20:02:28', '2017-08-05 20:02:28', '2017-08-05 20:02:28')
---------------
9/15/2017 8:2:28
User Id: 1, login: admin
---------------
9/15/2017 8:2:28
Connected to the database as id 106
---------------
9/15/2017 8:2:28
Connexion to the database as id 106 ended !
---------------
9/15/2017 8:3:31
Authentification ==> API launched
---------------
9/15/2017 8:3:31
user ==> API launched
---------------
9/15/2017 8:3:31
prescription ==> API launched
---------------
9/15/2017 8:3:31
docdescription ==> API launched
---------------
9/15/2017 8:3:31
doc ==> API launched
---------------
9/15/2017 8:3:31
prescriptionline ==> API launched
---------------
9/15/2017 8:3:31
Listening port 4000
---------------
9/15/2017 8:3:31
Connected to the database as id 109
---------------
9/15/2017 8:3:35
SELECT * FROM user WHERE iduser='null'
---------------
9/15/2017 8:3:35
User Id: 1, login: admin
---------------
9/15/2017 8:3:35
Connected to the database as id 110
---------------
9/15/2017 8:3:35
Connexion to the database as id 110 ended !
---------------
9/15/2017 8:3:35
INSERT INTO user(login, email, password, type, country, lastName, firstName, phone1, phone2, phone3, office, tag, availability, lang, postalcode, city, address1, address2, validated)  VALUES ('admin', 'bernard.deregnaucourt@vidal.fr', '$2a$10$Vn/zPCM8sSSaYnRmggV4COTns8OHXbsZ4YpNKcbTp1MBZetbZyV6m', '0', 'fr', null, null, null, null, null, null, '', null, 'fr', null, null, null, null, '0')
---------------
9/15/2017 8:3:35
User Id: 1, login: admin
---------------
9/15/2017 8:3:35
Connected to the database as id 111
---------------
9/15/2017 8:3:35
Connexion to the database as id 111 ended !
---------------
9/15/2017 8:4:26
Authentification ==> API launched
---------------
9/15/2017 8:4:34
user ==> API launched
---------------
9/15/2017 8:5:13
prescription ==> API launched
---------------
9/15/2017 8:5:13
prescriptionline ==> API launched
---------------
9/15/2017 8:5:13
doc ==> API launched
---------------
9/15/2017 8:5:13
docdescription ==> API launched
---------------
9/15/2017 8:5:13
Listening port 4000
---------------
9/15/2017 8:5:13
Connexion to the database as id null ended !
---------------
9/15/2017 8:5:51
SELECT * FROM user WHERE iduser='null'
---------------
9/15/2017 8:5:51
User Id: 1, login: admin
---------------
9/15/2017 8:5:51
Connected to the database as id 113
---------------
9/15/2017 8:13:45
Authentification ==> API launched
---------------
9/15/2017 8:13:49
user ==> API launched
---------------
9/15/2017 8:13:49
prescription ==> API launched
---------------
9/15/2017 8:13:49
prescriptionline ==> API launched
---------------
9/15/2017 8:13:49
doc ==> API launched
---------------
9/15/2017 8:13:49
docdescription ==> API launched
---------------
9/15/2017 8:13:49
Listening port 4000
---------------
9/15/2017 8:13:49
Connected to the database as id 114
---------------
9/15/2017 8:14:23
SELECT * FROM user WHERE iduser='null'
---------------
9/15/2017 8:14:23
User Id: 1, login: admin
---------------
9/15/2017 8:14:23
Connected to the database as id 115
---------------
9/15/2017 8:14:23
Connexion to the database as id 115 ended !
---------------
9/15/2017 8:14:23
INSERT INTO user(login, email, password, type, country, lastName, firstName, phone1, phone2, phone3, office, tag, availability, lang, postalcode, city, address1, address2, validated)  VALUES ('toto', 'bernard.deregnaucourt@vidal.fr', '$2a$10$Vn/zPCM8sSSaYnRmggV4COTns8OHXbsZ4YpNKcbTp1MBZetbZyV6m', '0', 'fr', null, null, null, null, null, null, '', null, 'fr', null, null, null, null, '0')
---------------
9/15/2017 8:14:23
User Id: 1, login: admin
---------------
9/15/2017 8:14:23
Connected to the database as id 116
---------------
9/15/2017 8:14:23
Connexion to the database as id 116 ended !
---------------
9/15/2017 8:24:57
Authentification ==> API launched
---------------
9/15/2017 8:24:57
user ==> API launched
---------------
9/15/2017 8:24:57
prescription ==> API launched
---------------
9/15/2017 8:24:57
prescriptionline ==> API launched
---------------
9/15/2017 8:24:57
doc ==> API launched
---------------
9/15/2017 8:24:57
docdescription ==> API launched
---------------
9/15/2017 8:24:57
Listening port 4000
---------------
9/15/2017 8:24:57
Connected to the database as id 117
---------------
9/15/2017 8:25:7
Authentification ==> API launched
---------------
9/15/2017 8:25:13
user ==> API launched
---------------
9/15/2017 8:25:15
prescription ==> API launched
---------------
9/15/2017 8:25:15
prescriptionline ==> API launched
---------------
9/15/2017 8:25:15
doc ==> API launched
---------------
9/15/2017 8:25:15
docdescription ==> API launched
---------------
9/15/2017 8:25:15
Listening port 4000
---------------
9/15/2017 8:25:15
Connected to the database as id 118
---------------
9/15/2017 8:25:54
SELECT * FROM user WHERE iduser='null'
---------------
9/15/2017 8:25:54
User Id: 1, login: admin
---------------
9/15/2017 8:25:54
Connected to the database as id 119
---------------
9/15/2017 8:27:24
Authentification ==> API launched
---------------
9/15/2017 8:27:26
user ==> API launched
---------------
9/15/2017 8:27:26
prescription ==> API launched
---------------
9/15/2017 8:27:26
prescriptionline ==> API launched
---------------
9/15/2017 8:27:26
doc ==> API launched
---------------
9/15/2017 8:27:26
docdescription ==> API launched
---------------
9/15/2017 8:27:26
Listening port 4000
---------------
9/15/2017 8:27:26
Connected to the database as id 120
---------------
9/15/2017 8:27:30
SELECT * FROM user WHERE iduser='null'
---------------
9/15/2017 8:27:30
User Id: 1, login: admin
---------------
9/15/2017 8:27:30
Connected to the database as id 121
---------------
9/15/2017 8:27:30
Connexion to the database as id 121 ended !
---------------
9/15/2017 8:27:30
INSERT INTO user(login, email, password, type, country, lastName, firstName, phone1, phone2, phone3, office, tag, availability, lang, postalcode, city, address1, address2, validated, __creationdate, __updatedate)  VALUES ('toto', 'bernard.deregnaucourt@vidal.fr', '$2a$10$Vn/zPCM8sSSaYnRmggV4COTns8OHXbsZ4YpNKcbTp1MBZetbZyV6m', '0', 'fr', null, null, null, null, null, null, '', null, 'fr', null, null, null, null, '0', 2017-08-05 20:27:30, 2017-08-05 20:27:30)
---------------
9/15/2017 8:27:30
User Id: 1, login: admin
---------------
9/15/2017 8:27:30
Connected to the database as id 122
---------------
9/15/2017 8:27:30
Connexion to the database as id 122 ended !
---------------
9/15/2017 8:28:25
Authentification ==> API launched
---------------
9/15/2017 8:28:30
user ==> API launched
---------------
9/15/2017 8:28:30
prescription ==> API launched
---------------
9/15/2017 8:28:30
prescriptionline ==> API launched
---------------
9/15/2017 8:28:30
doc ==> API launched
---------------
9/15/2017 8:28:30
docdescription ==> API launched
---------------
9/15/2017 8:28:30
Listening port 4000
---------------
9/15/2017 8:28:30
Connected to the database as id 123
---------------
9/15/2017 8:28:35
SELECT * FROM user WHERE iduser='null'
---------------
9/15/2017 8:28:35
User Id: 1, login: admin
---------------
9/15/2017 8:28:35
Connected to the database as id 124
---------------
9/15/2017 8:28:35
Connexion to the database as id 124 ended !
---------------
9/15/2017 8:28:35
INSERT INTO user(login, email, password, type, country, lastName, firstName, phone1, phone2, phone3, office, tag, availability, lang, postalcode, city, address1, address2, validated, __creationdate, __updatedate)  VALUES ('toto', 'bernard.deregnaucourt@vidal.fr', '$2a$10$Vn/zPCM8sSSaYnRmggV4COTns8OHXbsZ4YpNKcbTp1MBZetbZyV6m', '0', 'fr', null, null, null, null, null, null, '', null, 'fr', null, null, null, null, '0', '2017-08-05 20:28:35', '2017-08-05 20:28:35')
---------------
9/15/2017 8:28:35
User Id: 1, login: admin
---------------
9/15/2017 8:28:35
Connected to the database as id 125
---------------
9/15/2017 8:28:35
Connexion to the database as id 125 ended !
---------------
9/15/2017 8:29:24
SELECT * FROM user WHERE iduser='null'
---------------
9/15/2017 8:29:24
User Id: 1, login: admin
---------------
9/15/2017 8:29:24
Connected to the database as id 126
---------------
9/15/2017 8:29:24
Connexion to the database as id 126 ended !
---------------
9/15/2017 8:29:24
INSERT INTO user(login, email, password, type, country, lastName, firstName, phone1, phone2, phone3, office, tag, availability, lang, postalcode, city, address1, address2, validated, __creationdate, __updatedate)  VALUES ('toto', 'bernard.deregnaucourt@vidal.fr', '$2a$10$Vn/zPCM8sSSaYnRmggV4COTns8OHXbsZ4YpNKcbTp1MBZetbZyV6m', '0', 'fr', null, null, null, null, null, null, '', null, 'fr', null, null, null, null, '0', '2017-08-05 20:29:24', '2017-08-05 20:29:24')
---------------
9/15/2017 8:29:24
User Id: 1, login: admin
---------------
9/15/2017 8:29:24
Connected to the database as id 127
---------------
9/15/2017 8:29:24
Connexion to the database as id 127 ended !
---------------
9/15/2017 8:30:16
SELECT * FROM user WHERE iduser='24'
---------------
9/15/2017 8:30:16
INSERT INTO user(iduser, login, email, password, type, country, lastName, firstName, phone1, phone2, phone3, office, tag, availability, lang, postalcode, city, address1, address2, __creationdate, __updatedate)  VALUES ('24', 'toto', 'bernard.deregnaucourt@vidal.fr', '$2a$10$Vn/zPCM8sSSaYnRmggV4COTns8OHXbsZ4YpNKcbTp1MBZetbZyV6m', '0', 'fr', null, null, null, null, null, null, '', null, 'fr', null, null, null, null, '2017-08-05 20:30:16', '2017-08-05 20:30:16')
---------------
9/15/2017 8:30:16
Connected to the database as id 129
---------------
9/15/2017 8:30:16
Connected to the database as id null
---------------
9/15/2017 8:30:37
SELECT * FROM user WHERE iduser='24'
---------------
9/15/2017 8:30:37
User Id: 1, login: admin
---------------
9/15/2017 8:30:37
Connected to the database as id 130
---------------
9/15/2017 8:30:37
Connexion to the database as id 130 ended !
---------------
9/15/2017 8:30:37
UPDATE user SET iduser='24', login='toto', email='bernard.deregnaucourt@vidal.fr', password='$2a$10$Vn/zPCM8sSSaYnRmggV4COTns8OHXbsZ4YpNKcbTp1MBZetbZyV6m', type='0', country='fr', lastName=null, firstName=null, phone1=null, phone2=null, phone3=null, office=null, tag='', availability=null, lang='fr', postalcode=null, city=null, address1=null, address2=null, __updatedate='2017-08-05 20:30:37' WHERE iduser='24'
---------------
9/15/2017 8:30:37
User Id: 1, login: admin
---------------
9/15/2017 8:30:37
Connected to the database as id 131
---------------
9/15/2017 8:30:37
Connexion to the database as id 131 ended !
---------------
9/15/2017 8:35:21
Authentification ==> API launched
---------------
9/15/2017 8:35:21
user ==> API launched
---------------
9/15/2017 8:35:21
prescription ==> API launched
---------------
9/15/2017 8:35:21
prescriptionline ==> API launched
---------------
9/15/2017 8:35:21
doc ==> API launched
---------------
9/15/2017 8:35:21
docdescription ==> API launched
---------------
9/15/2017 8:35:21
Listening port 4000
---------------
9/15/2017 8:35:21
Connected to the database as id 132
---------------
9/15/2017 8:35:25
Connected to the database as id 133
---------------
9/15/2017 8:35:25
Connexion to the database as id 133 ended !
---------------
9/15/2017 8:35:45
Connected to the database as id 134
---------------
9/15/2017 8:35:45
Connexion to the database as id 134 ended !
---------------
9/15/2017 8:35:45
User Id: 5, login: admin
---------------
9/18/2017 5:39:47
Authentification ==> API launched
---------------
9/18/2017 5:39:47
user ==> API launched
---------------
9/18/2017 5:39:47
prescription ==> API launched
---------------
9/18/2017 5:39:47
prescriptionline ==> API launched
---------------
9/18/2017 5:39:47
doc ==> API launched
---------------
9/18/2017 5:39:47
docdescription ==> API launched
---------------
9/18/2017 5:39:47
Listening port 4000
---------------
9/18/2017 5:39:47
Connected to the database as id 4
---------------
9/18/2017 5:41:17
Authentification ==> API launched
---------------
9/18/2017 5:41:23
user ==> API launched
---------------
9/18/2017 5:41:28
prescription ==> API launched
---------------
9/18/2017 5:41:28
prescriptionline ==> API launched
---------------
9/18/2017 5:41:28
doc ==> API launched
---------------
9/18/2017 5:41:28
docdescription ==> API launched
---------------
9/18/2017 5:41:28
Listening port 4000
---------------
9/18/2017 5:41:28
Connexion to the database as id null ended !
---------------
9/18/2017 5:42:24
SELECT * FROM user WHERE login='admin' ORDER BY user.iduser
---------------
9/18/2017 5:42:24
User Id: 1, login: admin
---------------
9/18/2017 5:42:24
Connected to the database as id 5
---------------
9/18/2017 5:42:24
Connexion to the database as id 5 ended !
---------------
9/18/2017 5:43:29
Authentification ==> API launched
---------------
9/18/2017 5:43:42
user ==> API launched
---------------
9/18/2017 5:43:42
prescription ==> API launched
---------------
9/18/2017 5:43:42
prescriptionline ==> API launched
---------------
9/18/2017 5:43:42
doc ==> API launched
---------------
9/18/2017 5:43:42
docdescription ==> API launched
---------------
9/18/2017 5:43:42
Listening port 4000
---------------
9/18/2017 5:43:42
Connexion to the database as id null ended !
---------------
9/18/2017 5:43:45
SELECT * FROM user WHERE login='admin' ORDER BY user.iduser
---------------
9/18/2017 5:43:45
User Id: 1, login: admin
---------------
9/18/2017 5:43:45
Connected to the database as id 6
---------------
9/18/2017 5:43:45
Connexion to the database as id 6 ended !
---------------
9/18/2017 5:43:50
SELECT * FROM user WHERE login='admigfdn' ORDER BY user.iduser
---------------
9/18/2017 5:43:50
User Id: 1, login: admin
---------------
9/18/2017 5:43:50
Connected to the database as id 7
---------------
9/18/2017 5:43:50
Connexion to the database as id 7 ended !
---------------
9/18/2017 5:43:55
SELECT * FROM user WHERE login='admin' ORDER BY user.iduser
---------------
9/18/2017 5:43:55
User Id: 1, login: admin
---------------
9/18/2017 5:43:55
Connected to the database as id 8
---------------
9/18/2017 5:43:55
Connexion to the database as id 8 ended !
---------------
9/18/2017 5:44:27
Authentification ==> API launched
---------------
9/18/2017 5:44:27
user ==> API launched
---------------
9/18/2017 5:44:27
prescription ==> API launched
---------------
9/18/2017 5:44:27
prescriptionline ==> API launched
---------------
9/18/2017 5:44:27
doc ==> API launched
---------------
9/18/2017 5:44:27
docdescription ==> API launched
---------------
9/18/2017 5:44:27
Listening port 4000
---------------
9/18/2017 5:44:27
Connected to the database as id 9
---------------
9/18/2017 5:44:32
SELECT * FROM user WHERE login='admin' ORDER BY user.iduser
---------------
9/18/2017 5:44:32
User Id: 1, login: admin
---------------
9/18/2017 5:44:32
Connected to the database as id 10
---------------
9/18/2017 5:44:32
Connexion to the database as id 10 ended !
---------------
9/18/2017 5:44:36
SELECT * FROM user WHERE login='admidfhdfn' ORDER BY user.iduser
---------------
9/18/2017 5:44:36
User Id: 1, login: admin
---------------
9/18/2017 5:44:36
Connected to the database as id 11
---------------
9/18/2017 5:44:36
Connexion to the database as id 11 ended !
---------------
9/18/2017 5:44:42
SELECT * FROM user WHERE login='admin' ORDER BY user.iduser
---------------
9/18/2017 5:44:42
User Id: 1, login: admin
---------------
9/18/2017 5:44:42
Connected to the database as id 12
---------------
9/18/2017 5:44:42
Connexion to the database as id 12 ended !
---------------
9/18/2017 5:50:13
SELECT * FROM user WHERE login='admin' ORDER BY user.iduser
---------------
9/18/2017 5:50:13
User Id: 1, login: admin
---------------
9/18/2017 5:50:13
Connected to the database as id 13
---------------
9/18/2017 5:50:13
Connexion to the database as id 13 ended !
---------------
9/18/2017 5:52:42
Authentification ==> API launched
---------------
9/18/2017 5:52:42
user ==> API launched
---------------
9/18/2017 5:52:42
prescription ==> API launched
---------------
9/18/2017 5:52:42
prescriptionline ==> API launched
---------------
9/18/2017 5:52:42
doc ==> API launched
---------------
9/18/2017 5:52:42
docdescription ==> API launched
---------------
9/18/2017 5:52:42
Listening port 4000
---------------
9/18/2017 5:52:42
Connected to the database as id 14
---------------
9/18/2017 5:53:6
Connected to the database as id 15
---------------
9/18/2017 5:53:6
Connexion to the database as id 15 ended !
---------------
9/18/2017 5:53:6
User Id: 5, login: admin
---------------
9/20/2017 5:59:51
Authentification ==> API launched
---------------
9/20/2017 5:59:51
user ==> API launched
---------------
9/20/2017 5:59:51
prescription ==> API launched
---------------
9/20/2017 5:59:51
doc ==> API launched
---------------
9/20/2017 5:59:51
prescriptionline ==> API launched
---------------
9/20/2017 5:59:51
docdescription ==> API launched
---------------
9/20/2017 5:59:51
Listening port 4000
---------------
9/20/2017 5:59:51
Connected to the database as id 16
---------------
9/20/2017 6:0:6
SELECT * FROM user WHERE iduser=1 ORDER BY user.iduser
---------------
9/20/2017 6:0:6
User Id: 1, login: admin
---------------
9/20/2017 6:0:6
Connected to the database as id 17
---------------
9/20/2017 6:0:6
Connexion to the database as id 17 ended !
---------------
9/20/2017 6:1:1
SELECT * FROM user WHERE iduser=5 ORDER BY user.iduser
---------------
9/20/2017 6:1:1
User Id: 1, login: admin
---------------
9/20/2017 6:1:1
Connected to the database as id 20
---------------
9/20/2017 6:1:1
Connexion to the database as id 20 ended !
---------------
9/20/2017 6:1:59
SELECT * FROM user WHERE iduser=25 ORDER BY user.iduser
---------------
9/20/2017 6:1:59
User Id: 1, login: admin
---------------
9/20/2017 6:1:59
Connected to the database as id 21
---------------
9/20/2017 6:1:59
Connexion to the database as id 21 ended !
---------------
9/20/2017 6:12:23
Authentification ==> API launched
---------------
9/20/2017 6:12:23
user ==> API launched
---------------
9/20/2017 6:12:23
prescriptionline ==> API launched
---------------
9/20/2017 6:12:23
prescription ==> API launched
---------------
9/20/2017 6:12:23
docdescription ==> API launched
---------------
9/20/2017 6:12:23
Listening port 4000
---------------
9/20/2017 6:12:23
doc ==> API launched
---------------
9/20/2017 6:12:23
Connected to the database as id 22
---------------
9/20/2017 6:12:35
Authentification ==> API launched
---------------
9/20/2017 6:12:41
user ==> API launched
---------------
9/20/2017 6:12:41
prescription ==> API launched
---------------
9/20/2017 6:12:41
prescriptionline ==> API launched
---------------
9/20/2017 6:12:41
doc ==> API launched
---------------
9/20/2017 6:12:41
docdescription ==> API launched
---------------
9/20/2017 6:12:41
Listening port 4000
---------------
9/20/2017 6:12:41
Connected to the database as id 23
---------------
9/20/2017 6:12:56
Authentification ==> API launched
---------------
9/20/2017 6:13:6
user ==> API launched
---------------
9/20/2017 6:13:10
prescription ==> API launched
---------------
9/20/2017 6:13:10
prescriptionline ==> API launched
---------------
9/20/2017 6:13:10
doc ==> API launched
---------------
9/20/2017 6:13:10
docdescription ==> API launched
---------------
9/20/2017 6:13:10
Listening port 4000
---------------
9/20/2017 6:13:10
Connexion to the database as id null ended !
---------------
9/20/2017 6:21:34
Authentification ==> API launched
---------------
9/20/2017 6:21:39
user ==> API launched
---------------
9/20/2017 6:21:39
prescription ==> API launched
---------------
9/20/2017 6:21:39
prescriptionline ==> API launched
---------------
9/20/2017 6:21:39
doc ==> API launched
---------------
9/20/2017 6:21:39
docdescription ==> API launched
---------------
9/20/2017 6:21:39
Listening port 4000
---------------
9/20/2017 6:21:39
Connected to the database as id 24
---------------
9/20/2017 6:22:10
SELECT * FROM user WHERE iduser=25 ORDER BY user.iduser
---------------
9/20/2017 6:22:32
User Id: 1, login: admin
---------------
9/20/2017 6:22:36
Connected to the database as id 25
---------------
9/20/2017 6:22:40
Connexion to the database as id 25 ended !
---------------
9/20/2017 6:49:8
Authentification ==> API launched
---------------
9/20/2017 6:49:11
user ==> API launched
---------------
9/20/2017 6:49:11
prescription ==> API launched
---------------
9/20/2017 6:49:11
doc ==> API launched
---------------
9/20/2017 6:49:11
prescriptionline ==> API launched
---------------
9/20/2017 6:49:11
docdescription ==> API launched
---------------
9/20/2017 6:49:11
Listening port 4000
---------------
9/20/2017 6:49:11
Connected to the database as id 26
---------------
9/20/2017 6:49:15
SELECT * FROM user WHERE iduser=25 ORDER BY user.iduser
---------------
9/20/2017 6:49:15
User Id: 1, login: admin
---------------
9/20/2017 6:49:15
Connected to the database as id 27
---------------
9/20/2017 6:50:21
Authentification ==> API launched
---------------
9/20/2017 6:50:21
user ==> API launched
---------------
9/20/2017 6:50:21
prescription ==> API launched
---------------
9/20/2017 6:50:21
prescriptionline ==> API launched
---------------
9/20/2017 6:50:21
doc ==> API launched
---------------
9/20/2017 6:50:21
docdescription ==> API launched
---------------
9/20/2017 6:50:21
Listening port 4000
---------------
9/20/2017 6:50:21
Connected to the database as id 28
---------------
9/20/2017 6:50:23
SELECT * FROM user WHERE iduser=25 ORDER BY user.iduser
---------------
9/20/2017 6:50:23
User Id: 1, login: admin
---------------
9/20/2017 6:50:23
Connected to the database as id 29
---------------
9/20/2017 6:50:45
Authentification ==> API launched
---------------
9/20/2017 6:50:45
user ==> API launched
---------------
9/20/2017 6:50:45
prescription ==> API launched
---------------
9/20/2017 6:50:45
prescriptionline ==> API launched
---------------
9/20/2017 6:50:45
doc ==> API launched
---------------
9/20/2017 6:50:45
Listening port 4000
---------------
9/20/2017 6:50:45
docdescription ==> API launched
---------------
9/20/2017 6:50:45
Connected to the database as id 30
---------------
9/20/2017 6:50:51
SELECT * FROM user WHERE iduser=25 ORDER BY user.iduser
---------------
9/20/2017 6:50:51
User Id: 1, login: admin
---------------
9/20/2017 6:50:51
Connected to the database as id 31
---------------
9/20/2017 6:52:45
Authentification ==> API launched
---------------
9/20/2017 6:52:45
user ==> API launched
---------------
9/20/2017 6:52:45
prescriptionline ==> API launched
---------------
9/20/2017 6:52:45
doc ==> API launched
---------------
9/20/2017 6:52:45
prescription ==> API launched
---------------
9/20/2017 6:52:45
docdescription ==> API launched
---------------
9/20/2017 6:52:45
Listening port 4000
---------------
9/20/2017 6:52:45
Connected to the database as id 32
---------------
9/20/2017 6:52:48
SELECT * FROM user WHERE iduser=25 ORDER BY user.iduser
---------------
9/20/2017 6:52:48
User Id: 1, login: admin
---------------
9/20/2017 6:54:20
Authentification ==> API launched
---------------
9/20/2017 6:54:20
user ==> API launched
---------------
9/20/2017 6:54:20
prescription ==> API launched
---------------
9/20/2017 6:54:20
docdescription ==> API launched
---------------
9/20/2017 6:54:20
prescriptionline ==> API launched
---------------
9/20/2017 6:54:20
Listening port 4000
---------------
9/20/2017 6:54:20
doc ==> API launched
---------------
9/20/2017 6:54:20
Connected to the database as id 34
---------------
9/20/2017 6:55:6
SELECT * FROM user WHERE iduser=25 ORDER BY user.iduser
---------------
9/20/2017 6:55:6
User Id: 1, login: admin
---------------
9/20/2017 6:56:32
Authentification ==> API launched
---------------
9/20/2017 6:56:32
user ==> API launched
---------------
9/20/2017 6:56:32
prescription ==> API launched
---------------
9/20/2017 6:56:32
prescriptionline ==> API launched
---------------
9/20/2017 6:56:32
doc ==> API launched
---------------
9/20/2017 6:56:32
docdescription ==> API launched
---------------
9/20/2017 6:56:32
Listening port 4000
---------------
9/20/2017 6:56:32
Connected to the database as id 36
---------------
9/20/2017 6:56:42
SELECT * FROM user WHERE iduser=25 ORDER BY user.iduser
---------------
9/20/2017 6:56:42
User Id: 1, login: admin
---------------
9/20/2017 6:56:42
Connected to the database as id 37
---------------
9/20/2017 7:0:11
Authentification ==> API launched
---------------
9/20/2017 7:0:11
user ==> API launched
---------------
9/20/2017 7:0:11
prescription ==> API launched
---------------
9/20/2017 7:0:11
prescriptionline ==> API launched
---------------
9/20/2017 7:0:11
doc ==> API launched
---------------
9/20/2017 7:0:11
Listening port 4000
---------------
9/20/2017 7:0:11
docdescription ==> API launched
---------------
9/20/2017 7:0:11
Connected to the database as id 38
---------------
9/20/2017 7:0:12
SELECT * FROM user WHERE iduser=25 ORDER BY user.iduser
---------------
9/20/2017 7:0:12
User Id: 1, login: admin
---------------
9/20/2017 7:1:15
Authentification ==> API launched
---------------
9/20/2017 7:1:15
user ==> API launched
---------------
9/20/2017 7:1:15
prescription ==> API launched
---------------
9/20/2017 7:1:15
prescriptionline ==> API launched
---------------
9/20/2017 7:1:15
doc ==> API launched
---------------
9/20/2017 7:1:15
docdescription ==> API launched
---------------
9/20/2017 7:1:15
Listening port 4000
---------------
9/20/2017 7:1:15
Connected to the database as id 40
---------------
9/20/2017 7:1:16
SELECT * FROM user WHERE iduser=25 ORDER BY user.iduser
---------------
9/20/2017 7:1:16
User Id: 1, login: admin
---------------
9/20/2017 7:1:16
Connected to the database as id 41
---------------
9/20/2017 7:1:16
Connexion to the database as id 41 ended !
---------------
9/20/2017 7:2:32
Authentification ==> API launched
---------------
9/20/2017 7:2:32
user ==> API launched
---------------
9/20/2017 7:2:32
prescription ==> API launched
---------------
9/20/2017 7:2:32
prescriptionline ==> API launched
---------------
9/20/2017 7:2:32
doc ==> API launched
---------------
9/20/2017 7:2:32
docdescription ==> API launched
---------------
9/20/2017 7:2:32
Listening port 4000
---------------
9/20/2017 7:2:32
Connected to the database as id 42
---------------
9/20/2017 7:2:50
SELECT * FROM user WHERE iduser=25 ORDER BY user.iduser
---------------
9/20/2017 7:2:50
User Id: 1, login: admin
---------------
9/20/2017 7:2:50
Connected to the database as id 43
---------------
9/20/2017 7:2:50
Connexion to the database as id 43 ended !
---------------
9/20/2017 7:4:18
SELECT * FROM user WHERE iduser=1 ORDER BY user.iduser
---------------
9/20/2017 7:4:18
User Id: 1, login: admin
---------------
9/20/2017 7:4:18
Connected to the database as id 44
---------------
9/20/2017 7:4:18
Connexion to the database as id 44 ended !
---------------
9/20/2017 7:21:43
Authentification ==> API launched
---------------
9/20/2017 7:21:43
user ==> API launched
---------------
9/20/2017 7:21:43
prescription ==> API launched
---------------
9/20/2017 7:21:43
prescriptionline ==> API launched
---------------
9/20/2017 7:21:43
doc ==> API launched
---------------
9/20/2017 7:21:43
docdescription ==> API launched
---------------
9/20/2017 7:21:43
Listening port 4000
---------------
9/20/2017 7:21:43
Connected to the database as id 45
---------------
9/20/2017 7:22:7
SELECT * FROM user WHERE iduser='null'
---------------
9/20/2017 7:22:7
User Id: 1, login: admin
---------------
9/20/2017 7:22:7
Connected to the database as id 46
---------------
9/20/2017 7:30:18
Authentification ==> API launched
---------------
9/20/2017 7:30:18
user ==> API launched
---------------
9/20/2017 7:30:18
prescription ==> API launched
---------------
9/20/2017 7:30:18
prescriptionline ==> API launched
---------------
9/20/2017 7:30:18
doc ==> API launched
---------------
9/20/2017 7:30:18
docdescription ==> API launched
---------------
9/20/2017 7:30:18
Listening port 4000
---------------
9/20/2017 7:30:18
Connected to the database as id 47
---------------
9/20/2017 7:32:50
SHOW FIELDS FROM user
---------------
9/20/2017 7:32:50
User Id: 1, login: admin
---------------
9/20/2017 7:32:50
Connected to the database as id 48
---------------
9/20/2017 7:32:50
Connexion to the database as id 48 ended !
---------------
9/20/2017 7:33:7
SHOW FIELDS FROM user
---------------
9/20/2017 7:33:7
User Id: 1, login: admin
---------------
9/20/2017 7:33:7
Connected to the database as id 49
---------------
9/20/2017 7:33:7
Connexion to the database as id 49 ended !
---------------
9/20/2017 7:33:22
SHOW FIELDS FROM user
---------------
9/20/2017 7:33:22
User Id: 1, login: admin
---------------
9/20/2017 7:33:22
Connected to the database as id 50
---------------
9/20/2017 7:33:22
Connexion to the database as id 50 ended !
---------------
9/20/2017 7:36:6
SHOW FIELDS FROM user
---------------
9/20/2017 7:36:6
User Id: 1, login: admin
---------------
9/20/2017 7:36:6
Connected to the database as id 51
---------------
9/20/2017 7:36:6
Connexion to the database as id 51 ended !
---------------
9/20/2017 7:37:13
SHOW FIELDS FROM user
---------------
9/20/2017 7:37:13
User Id: 1, login: admin
---------------
9/20/2017 7:37:13
Connected to the database as id 52
---------------
9/20/2017 7:37:13
Connexion to the database as id 52 ended !
---------------
9/20/2017 7:37:21
User Id: 1, login: admin
---------------
9/20/2017 7:37:21
Connected to the database as id 53
---------------
9/20/2017 7:37:21
Connexion to the database as id 53 ended !
---------------
9/20/2017 7:37:21
SHOW FIELDS FROM user
---------------
9/20/2017 7:39:58
SHOW FIELDS FROM user
---------------
9/20/2017 7:39:58
User Id: 1, login: admin
---------------
9/20/2017 7:39:58
Connected to the database as id 54
---------------
9/20/2017 7:39:58
Connexion to the database as id 54 ended !
---------------
9/20/2017 7:40:56
SELECT * FROM user WHERE iduser='null'
---------------
9/20/2017 7:40:56
User Id: 1, login: admin
---------------
9/20/2017 7:40:56
Connected to the database as id 55
---------------
9/20/2017 7:40:56
Connexion to the database as id 55 ended !
---------------
9/20/2017 7:40:56
INSERT INTO user(iduser, login, email, type, country, lastname, firstname, phone1, phone2, phone3, tag, availability, lang, office, postalcode, city, address1, address2, application, validated, organisation, creationdate, updatedate, language, __creationdate, __updatedate)  VALUES ('', 'use', 'user@gmail.com', '0', 'FK', '', '', '', '', '', '', '', '', '', '', '', '', '', '', '', '', '2017-08-03 19:39:58', '2017-08-03 19:40:53', 'FK', '2017-08-03 19:40:56', '2017-08-03 19:40:56')
---------------
9/20/2017 7:40:56
User Id: 1, login: admin
---------------
9/20/2017 7:40:56
Connected to the database as id 56
---------------
9/20/2017 7:40:56
Connexion to the database as id 56 ended !
---------------
9/20/2017 7:41:57
SHOW FIELDS FROM user
---------------
9/20/2017 7:41:57
User Id: 1, login: admin
---------------
9/20/2017 7:41:57
Connected to the database as id 57
---------------
9/20/2017 7:41:57
Connexion to the database as id 57 ended !
---------------
9/20/2017 7:42:29
Authentification ==> API launched
---------------
9/20/2017 7:42:29
user ==> API launched
---------------
9/20/2017 7:42:29
prescription ==> API launched
---------------
9/20/2017 7:42:29
prescriptionline ==> API launched
---------------
9/20/2017 7:42:29
doc ==> API launched
---------------
9/20/2017 7:42:29
docdescription ==> API launched
---------------
9/20/2017 7:42:29
Listening port 4000
---------------
9/20/2017 7:42:29
Connected to the database as id 58
---------------
9/20/2017 7:43:19
SELECT * FROM user WHERE iduser='null'
---------------
9/20/2017 7:43:19
User Id: 1, login: admin
---------------
9/20/2017 7:43:19
Connected to the database as id 59
---------------
9/20/2017 7:43:19
INSERT INTO user(iduser, login, email, type, country, lastname, firstname, phone1, phone2, phone3, tag, availability, language, office, postalcode, city, address1, address2, application, validated, organisation, creationdate, updatedate, __creationdate, __updatedate)  VALUES ('', 'user', 'user@g', '0', 'FK', '', '', '', '', '', '', '', 'FK', '', '', '', '', '', '', '', '', '2017-08-03 19:41:58', '2017-08-03 19:43:06', '2017-08-03 19:43:19', '2017-08-03 19:43:19')
---------------
9/20/2017 7:43:19
Connexion to the database as id 59 ended !
---------------
9/20/2017 7:43:19
User Id: 1, login: admin
---------------
9/20/2017 7:43:19
Connected to the database as id 60
---------------
9/20/2017 7:43:19
Connexion to the database as id 60 ended !
---------------
9/20/2017 7:46:23
Authentification ==> API launched
---------------
9/20/2017 7:46:23
user ==> API launched
---------------
9/20/2017 7:46:23
prescription ==> API launched
---------------
9/20/2017 7:46:23
prescriptionline ==> API launched
---------------
9/20/2017 7:46:23
doc ==> API launched
---------------
9/20/2017 7:46:23
docdescription ==> API launched
---------------
9/20/2017 7:46:23
Listening port 4000
---------------
9/20/2017 7:46:23
Connected to the database as id 61
---------------
9/20/2017 7:47:19
SELECT * FROM user WHERE iduser='null'
---------------
9/20/2017 7:47:19
User Id: 1, login: admin
---------------
9/20/2017 7:47:19
Connected to the database as id 62
---------------
9/20/2017 7:47:19
Connexion to the database as id 62 ended !
---------------
9/20/2017 7:47:19
INSERT INTO user(iduser, login, email, type, country, lastname, firstname, phone1, phone2, phone3, tag, availability, language, office, postalcode, city, address1, address2, application, validated, organisation, creationdate, updatedate, __creationdate, __updatedate)  VALUES ('', 'user', 'user@g', '0', 'FK', '', '', '', '', '', '', '', 'FK', '', '', '', '', '', '', '', '', '2017-08-03 19:41:58', '2017-08-03 19:45:59', '2017-08-03 19:47:19', '2017-08-03 19:47:19')
---------------
9/20/2017 7:47:19
User Id: 1, login: admin
---------------
9/20/2017 7:47:19
Connected to the database as id 63
---------------
9/20/2017 7:47:19
Connexion to the database as id 63 ended !
---------------
9/20/2017 7:48:4
SELECT * FROM user WHERE iduser='null'
---------------
9/20/2017 7:48:4
User Id: 1, login: admin
---------------
9/20/2017 7:48:4
Connected to the database as id 64
---------------
9/20/2017 7:48:4
Connexion to the database as id 64 ended !
---------------
9/20/2017 7:48:4
INSERT INTO user(iduser, login, email, type, country, lastname, firstname, phone1, phone2, phone3, tag, availability, language, office, postalcode, city, address1, address2, application, validated, organisation, creationdate, updatedate, __creationdate, __updatedate)  VALUES ('', 'user', 'user@g', '0', 'FK', '', '', '', '', '', '', '', 'FK', '', '', '', '', '', '', '', '', '2017-08-03 19:41:58', '2017-08-03 19:47:57', '2017-08-03 19:48:04', '2017-08-03 19:48:04')
---------------
9/20/2017 7:48:4
User Id: 1, login: admin
---------------
9/20/2017 7:48:4
Connected to the database as id 65
---------------
9/20/2017 7:48:4
Connexion to the database as id 65 ended !
---------------
9/20/2017 7:48:43
SELECT * FROM user WHERE iduser='null'
---------------
9/20/2017 7:48:43
User Id: 1, login: admin
---------------
9/20/2017 7:48:54
Connexion to the database as id null ended !
---------------
9/20/2017 7:48:54
INSERT INTO user(iduser, login, email, type, country, lastname, firstname, phone1, phone2, phone3, tag, availability, language, office, postalcode, city, address1, address2, application, validated, organisation, creationdate, updatedate, __creationdate, __updatedate)  VALUES ('', 'user', 'user@g', '0', 'FK', '', '', '', '', '', '', '', 'FK', '', '', '', '', '', '', '', '', '2017-08-03 19:41:58', '2017-08-03 19:48:30', '2017-08-03 19:48:54', '2017-08-03 19:48:54')
---------------
9/20/2017 7:48:54
User Id: 1, login: admin
---------------
9/20/2017 7:48:54
Connected to the database as id 66
---------------
9/20/2017 7:48:54
Connexion to the database as id 66 ended !
---------------
9/20/2017 7:49:32
Authentification ==> API launched
---------------
9/20/2017 7:49:32
user ==> API launched
---------------
9/20/2017 7:49:32
prescription ==> API launched
---------------
9/20/2017 7:49:32
prescriptionline ==> API launched
---------------
9/20/2017 7:49:32
doc ==> API launched
---------------
9/20/2017 7:49:32
docdescription ==> API launched
---------------
9/20/2017 7:49:32
Listening port 4000
---------------
9/20/2017 7:49:32
Connected to the database as id 67
---------------
9/20/2017 7:49:48
SELECT * FROM user WHERE iduser='null'
---------------
9/20/2017 7:49:48
User Id: 1, login: admin
---------------
9/20/2017 7:49:48
Connected to the database as id 68
---------------
9/20/2017 7:49:48
Connexion to the database as id 68 ended !
---------------
9/20/2017 7:49:48
INSERT INTO user(iduser, login, email, type, country, lastname, firstname, phone1, phone2, phone3, tag, availability, language, office, postalcode, city, address1, address2, application, validated, organisation, creationdate, updatedate)  VALUES ('', 'user', 'user@g', '0', 'FK', '', '', '', '', '', '', '', 'FK', '', '', '', '', '', '', '', '', '2017-08-03 19:41:58', '2017-08-03 19:49:32')
---------------
9/20/2017 7:49:48
User Id: 1, login: admin
---------------
9/20/2017 7:49:48
Connected to the database as id 69
---------------
9/20/2017 7:49:48
Connexion to the database as id 69 ended !
---------------
9/21/2017 8:48:35
SELECT * FROM user WHERE iduser='null'
---------------
9/21/2017 8:48:35
User Id: 1, login: admin
---------------
9/21/2017 8:48:35
Connected to the database as id 72
---------------
9/21/2017 8:48:35
Connexion to the database as id 72 ended !
---------------
9/21/2017 8:48:35
INSERT INTO user(iduser, login, email, type, country, lastname, firstname, phone1, phone2, phone3, tag, availability, language, office, postalcode, city, address1, address2, application, validated, organisation, creationdate, updatedate)  VALUES ('', 'user', 'user@g', '0', 'FK', '', '', '', '', '', '', '', 'FK', '', '', '', '', '', '', '', '', '2017-08-03 19:41:58', '2017-08-04 08:48:35')
---------------
9/21/2017 8:48:35
User Id: 1, login: admin
---------------
9/21/2017 8:48:35
Connected to the database as id 73
---------------
9/21/2017 8:48:35
Connexion to the database as id 73 ended !
---------------
9/21/2017 8:48:44
SELECT * FROM user ORDER BY user.iduser
---------------
9/21/2017 8:48:44
User Id: 1, login: admin
---------------
9/21/2017 8:48:44
Connected to the database as id 74
---------------
9/21/2017 8:48:44
Connexion to the database as id 74 ended !
---------------
9/21/2017 8:48:49
SELECT * FROM user WHERE iduser='26'
---------------
9/21/2017 8:48:49
User Id: 1, login: admin
---------------
9/21/2017 8:48:49
Connected to the database as id 75
---------------
9/21/2017 8:48:49
Connexion to the database as id 75 ended !
---------------
9/21/2017 8:48:49
UPDATE user SET iduser='26', login='user', password='', email='user@g', type='0', country='FK', lastname='', firstname='', phone1='', phone2='', phone3='', tag='', availability='', language='FK', office='', postalcode='', city='', address1='', address2='', application='', validated='0', organisation='', creationdate='2017-08-03T17:41:58.000Z', updatedate='2017-08-03T17:49:32.000Z' WHERE iduser='26'
---------------
9/21/2017 8:48:49
User Id: 1, login: admin
---------------
9/21/2017 8:48:49
Connected to the database as id 76
---------------
9/21/2017 8:48:49
Connexion to the database as id 76 ended !
---------------
9/21/2017 9:1:54
SELECT * FROM user WHERE iduser='26' ORDER BY user.iduser
---------------
9/21/2017 9:1:54
User Id: 1, login: admin
---------------
9/21/2017 9:1:54
Connected to the database as id 77
---------------
9/21/2017 9:1:54
Connexion to the database as id 77 ended !
---------------
9/21/2017 9:2:16
SELECT * FROM user WHERE iduser='26' ORDER BY user.iduser
---------------
9/21/2017 9:2:16
User Id: 1, login: admin
---------------
9/21/2017 9:2:16
Connected to the database as id 78
---------------
9/21/2017 9:2:16
Connexion to the database as id 78 ended !
---------------
9/21/2017 9:2:31
SELECT * FROM user ORDER BY user.iduser
---------------
9/21/2017 9:2:31
User Id: 1, login: admin
---------------
9/21/2017 9:2:31
Connected to the database as id 79
---------------
9/21/2017 9:2:31
Connexion to the database as id 79 ended !
---------------
9/21/2017 9:2:33
SELECT * FROM user WHERE iduser='26' ORDER BY user.iduser
---------------
9/21/2017 9:2:33
User Id: 1, login: admin
---------------
9/21/2017 9:2:33
Connected to the database as id 80
---------------
9/21/2017 9:2:33
Connexion to the database as id 80 ended !
---------------
9/21/2017 9:2:35
SELECT * FROM user ORDER BY user.iduser
---------------
9/21/2017 9:2:35
User Id: 1, login: admin
---------------
9/21/2017 9:2:35
Connected to the database as id 81
---------------
9/21/2017 9:2:35
Connexion to the database as id 81 ended !
---------------
9/21/2017 9:2:38
SELECT * FROM user WHERE iduser='25' ORDER BY user.iduser
---------------
9/21/2017 9:2:38
User Id: 1, login: admin
---------------
9/21/2017 9:2:38
Connexion to the database as id 82 ended !
---------------
9/21/2017 9:2:38
Connected to the database as id 82
---------------
9/21/2017 9:2:46
SELECT * FROM user WHERE iduser='25'
---------------
9/21/2017 9:2:46
User Id: 1, login: admin
---------------
9/21/2017 9:2:46
Connected to the database as id 83
---------------
9/21/2017 9:2:46
Connexion to the database as id 83 ended !
---------------
9/21/2017 9:2:46
UPDATE user SET iduser='25', login='admin', email='bernard.deregnaucourt@vidal.fr', type='1', country='FR', lastname='Admin', firstname='Admin', phone1=null, phone2=null, phone3=null, tag=null, availability=null, language='AL', office=null, postalcode=null, city=null, address1=null, address2=null, application='authentification', validated='1', organisation=null, creationdate='2017-01-01T11:00:00.000Z', updatedate='2017-08-04 09:02:46' WHERE iduser='25'
---------------
9/21/2017 9:2:46
User Id: 1, login: admin
---------------
9/21/2017 9:2:46
Connected to the database as id 84
---------------
9/21/2017 9:2:46
Connexion to the database as id 84 ended !
---------------
9/21/2017 9:2:48
SELECT * FROM user ORDER BY user.iduser
---------------
9/21/2017 9:2:48
User Id: 1, login: admin
---------------
9/21/2017 9:2:48
Connected to the database as id 85
---------------
9/21/2017 9:2:48
Connexion to the database as id 85 ended !
---------------
9/21/2017 9:2:50
SELECT * FROM user WHERE iduser='25' ORDER BY user.iduser
---------------
9/21/2017 9:2:50
User Id: 1, login: admin
---------------
9/21/2017 9:2:50
Connected to the database as id 86
---------------
9/21/2017 9:2:50
Connexion to the database as id 86 ended !
---------------
9/21/2017 9:4:36
SELECT * FROM user ORDER BY user.iduser
---------------
9/21/2017 9:4:36
User Id: 1, login: admin
---------------
9/21/2017 9:4:36
Connected to the database as id 87
---------------
9/21/2017 9:4:36
Connexion to the database as id 87 ended !
---------------
9/22/2017 4:12:54
Authentification ==> API launched
---------------
9/22/2017 4:12:54
user ==> API launched
---------------
9/22/2017 4:12:54
prescription ==> API launched
---------------
9/22/2017 4:12:54
prescriptionline ==> API launched
---------------
9/22/2017 4:12:54
docdescription ==> API launched
---------------
9/22/2017 4:12:54
Listening port 4000
---------------
9/22/2017 4:12:54
doc ==> API launched
---------------
9/22/2017 4:12:54
Connected to the database as id 90
---------------
9/22/2017 4:15:14
Connected to the database as id 91
---------------
9/22/2017 4:15:14
Connexion to the database as id 91 ended !
---------------
9/22/2017 4:17:20
Connexion to the database as id null ended !
---------------
9/22/2017 4:17:28
/get
---------------
9/22/2017 4:17:28
Error: connect ETIMEDOUT
---------------
9/22/2017 4:17:36
Connected to the database as id 92
---------------
9/22/2017 4:17:47
Connexion to the database as id 92 ended !
---------------
9/22/2017 4:18:23
Connexion to the database as id null ended !
---------------
9/22/2017 4:18:28
/get
---------------
9/22/2017 4:18:28
Error: connect ETIMEDOUT
---------------
9/22/2017 4:19:13
Connected to the database as id 93
---------------
9/22/2017 4:19:13
Connexion to the database as id 93 ended !
---------------
9/22/2017 4:19:13
User Id: 25, login: admin
---------------
9/22/2017 4:19:21
SELECT * FROM user ORDER BY user.iduser
---------------
9/22/2017 4:19:21
User Id: 25, login: admin
---------------
9/22/2017 4:19:21
Connected to the database as id 94
---------------
9/22/2017 4:19:21
Connexion to the database as id 94 ended !
---------------
9/22/2017 4:19:29
SELECT * FROM user WHERE iduser='26' ORDER BY user.iduser
---------------
9/22/2017 4:19:29
User Id: 25, login: admin
---------------
9/22/2017 4:19:29
Connected to the database as id 95
---------------
9/22/2017 4:19:29
Connexion to the database as id 95 ended !
---------------
9/22/2017 4:19:35
/crypt
---------------
9/22/2017 4:19:35
{"encrypted":"$2a$10$Vn/zPCM8sSSaYnRmggV4CO44RB/s5ZzChX5RWxmbj9CLRtfJdXkUu"}
---------------
9/22/2017 4:19:35
SELECT * FROM user WHERE iduser='26'
---------------
9/22/2017 4:19:35
User Id: 25, login: admin
---------------
9/22/2017 4:19:35
Connected to the database as id 96
---------------
9/22/2017 4:19:35
Connexion to the database as id 96 ended !
---------------
9/22/2017 4:19:35
UPDATE user SET iduser='26', login='user', password='$2a$10$Vn/zPCM8sSSaYnRmggV4COevC/DPq/9oerjRDccZ8QDtc.TwLcT0O', email='user@g', type='0', country='FK', lastname='', firstname='', phone1='', phone2='', phone3='', tag='', availability='', language='FK', office='', postalcode='', city='', address1='', address2='', application='', validated='1', organisation='', creationdate='2017-08-03 15:41:58', updatedate='2017-08-05 16:19:35' WHERE iduser='26'
---------------
9/22/2017 4:19:35
User Id: 25, login: admin
---------------
9/22/2017 4:19:35
Connected to the database as id 97
---------------
9/22/2017 4:19:35
Connexion to the database as id 97 ended !
---------------
9/22/2017 4:19:37
SELECT * FROM user WHERE iduser='26' ORDER BY user.iduser
---------------
9/22/2017 4:19:37
User Id: 25, login: admin
---------------
9/22/2017 4:19:37
Connected to the database as id 98
---------------
9/22/2017 4:19:37
Connexion to the database as id 98 ended !
---------------
9/22/2017 4:20:18
Connected to the database as id 99
---------------
9/22/2017 4:20:18
Connexion to the database as id 99 ended !
---------------
9/22/2017 4:20:18
/get
---------------
9/22/2017 4:20:18
Wrong password or login
---------------
9/22/2017 4:20:45
Connected to the database as id 100
---------------
9/22/2017 4:20:45
Connexion to the database as id 100 ended !
---------------
9/22/2017 4:20:45
/get
---------------
9/22/2017 4:20:45
Wrong password or login
---------------
9/22/2017 4:21:39
Connexion to the database as id null ended !
---------------
9/22/2017 4:21:45
/get
---------------
9/22/2017 4:21:45
Error: connect ETIMEDOUT
---------------
9/22/2017 4:21:51
Connected to the database as id 101
---------------
9/22/2017 4:21:51
Connexion to the database as id 101 ended !
---------------
9/22/2017 4:21:58
/get
---------------
9/22/2017 4:21:58
Wrong password or login
---------------
9/22/2017 4:22:34
Connected to the database as id 102
---------------
9/22/2017 4:22:45
Connexion to the database as id 102 ended !
---------------
9/22/2017 4:25:58
/get
---------------
9/22/2017 4:25:58
Wrong password or login
---------------
9/22/2017 4:26:13
Connected to the database as id 103
---------------
9/22/2017 4:26:16
Connexion to the database as id 103 ended !
---------------
9/22/2017 4:26:16
User Id: 25, login: admin
---------------
9/22/2017 4:26:24
SELECT * FROM user ORDER BY user.iduser
---------------
9/22/2017 4:26:24
User Id: 25, login: admin
---------------
9/22/2017 4:26:24
Connected to the database as id 104
---------------
9/22/2017 4:26:24
Connexion to the database as id 104 ended !
---------------
9/22/2017 4:26:27
SELECT * FROM user WHERE iduser='26' ORDER BY user.iduser
---------------
9/22/2017 4:26:27
User Id: 25, login: admin
---------------
9/22/2017 4:26:27
Connected to the database as id 105
---------------
9/22/2017 4:26:27
Connexion to the database as id 105 ended !
---------------
9/22/2017 4:28:1
/crypt
---------------
9/22/2017 4:28:1
{"encrypted":"$2a$10$Vn/zPCM8sSSaYnRmggV4CO44RB/s5ZzChX5RWxmbj9CLRtfJdXkUu"}
---------------
9/22/2017 4:28:2
SELECT * FROM user WHERE iduser='26'
---------------
9/22/2017 4:28:2
User Id: 25, login: admin
---------------
9/22/2017 4:28:2
Connected to the database as id 106
---------------
9/22/2017 4:28:2
Connexion to the database as id 106 ended !
---------------
9/22/2017 4:28:2
UPDATE user SET iduser='26', login='user', password='$2a$10$Vn/zPCM8sSSaYnRmggV4COevC/DPq/9oerjRDccZ8QDtc.TwLcT0O', email='user@g', type='0', country='FK', lastname='', firstname='', phone1='', phone2='', phone3='', tag='', availability='', language='FK', office='', postalcode='', city='', address1='', address2='', application='', validated='1', organisation='', creationdate='2017-08-03 13:41:58', updatedate='2017-08-05 16:27:24' WHERE iduser='26'
---------------
9/22/2017 4:28:2
User Id: 25, login: admin
---------------
9/22/2017 4:28:2
Connected to the database as id 107
---------------
9/22/2017 4:28:2
Connexion to the database as id 107 ended !
---------------
9/22/2017 4:28:4
SELECT * FROM user WHERE iduser='26' ORDER BY user.iduser
---------------
9/22/2017 4:28:4
User Id: 25, login: admin
---------------
9/22/2017 4:28:4
Connected to the database as id 108
---------------
9/22/2017 4:28:4
Connexion to the database as id 108 ended !
---------------
9/22/2017 4:28:13
SELECT * FROM user ORDER BY user.iduser
---------------
9/22/2017 4:28:13
User Id: 25, login: admin
---------------
9/22/2017 4:28:13
Connected to the database as id 109
---------------
9/22/2017 4:28:13
Connexion to the database as id 109 ended !
---------------
9/22/2017 4:28:39
Connected to the database as id 110
---------------
9/22/2017 4:28:46
Connexion to the database as id 110 ended !
---------------
9/22/2017 4:28:46
/get
---------------
9/22/2017 4:28:46
Wrong password or login
---------------
9/22/2017 4:29:2
Connected to the database as id 111
---------------
9/22/2017 4:29:6
Connexion to the database as id 111 ended !
---------------
9/22/2017 4:30:40
/get
---------------
9/22/2017 4:30:40
Wrong password or login
---------------
9/22/2017 4:31:0
Connected to the database as id 112
---------------
9/22/2017 4:31:2
Connexion to the database as id 112 ended !
---------------
9/22/2017 4:31:2
User Id: 25, login: admin
---------------
9/22/2017 4:31:10
SELECT * FROM user ORDER BY user.iduser
---------------
9/22/2017 4:31:10
User Id: 25, login: admin
---------------
9/22/2017 4:31:10
Connected to the database as id 113
---------------
9/22/2017 4:31:10
Connexion to the database as id 113 ended !
---------------
9/22/2017 4:31:12
SELECT * FROM user WHERE iduser='26' ORDER BY user.iduser
---------------
9/22/2017 4:31:12
User Id: 25, login: admin
---------------
9/22/2017 4:31:12
Connected to the database as id 114
---------------
9/22/2017 4:31:12
Connexion to the database as id 114 ended !
---------------
9/22/2017 4:31:53
/crypt
---------------
9/22/2017 4:31:53
{"encrypted":"$2a$10$Vn/zPCM8sSSaYnRmggV4CO44RB/s5ZzChX5RWxmbj9CLRtfJdXkUu"}
---------------
9/22/2017 4:31:54
SELECT * FROM user WHERE iduser='26'
---------------
9/22/2017 4:31:54
User Id: 25, login: admin
---------------
9/22/2017 4:31:54
Connected to the database as id 115
---------------
9/22/2017 4:31:54
Connexion to the database as id 115 ended !
---------------
9/22/2017 4:31:54
UPDATE user SET iduser='26', login='user', password='$2a$10$Vn/zPCM8sSSaYnRmggV4COevC/DPq/9oerjRDccZ8QDtc.TwLcT0O', email='user@g', type='0', country='FK', lastname='', firstname='', phone1='', phone2='', phone3='', tag='', availability='', language='FK', office='', postalcode='', city='', address1='', address2='', application='', validated='1', organisation='', creationdate='2017-08-03 11:41:58', updatedate='2017-08-05 16:31:22' WHERE iduser='26'
---------------
9/22/2017 4:31:54
User Id: 25, login: admin
---------------
9/22/2017 4:31:54
Connected to the database as id 116
---------------
9/22/2017 4:31:54
Connexion to the database as id 116 ended !
---------------
9/22/2017 4:31:56
SELECT * FROM user WHERE iduser='26' ORDER BY user.iduser
---------------
9/22/2017 4:31:56
User Id: 25, login: admin
---------------
9/22/2017 4:31:56
Connected to the database as id 117
---------------
9/22/2017 4:31:56
Connexion to the database as id 117 ended !
---------------
9/22/2017 4:32:34
/crypt
---------------
9/22/2017 4:32:34
{"encrypted":"$2a$10$Vn/zPCM8sSSaYnRmggV4CO44RB/s5ZzChX5RWxmbj9CLRtfJdXkUu"}
---------------
9/22/2017 4:35:2
Authentification ==> API launched
---------------
9/22/2017 4:35:2
user ==> API launched
---------------
9/22/2017 4:35:2
prescription ==> API launched
---------------
9/22/2017 4:35:2
prescriptionline ==> API launched
---------------
9/22/2017 4:35:2
doc ==> API launched
---------------
9/22/2017 4:35:2
docdescription ==> API launched
---------------
9/22/2017 4:35:2
Listening port 4000
---------------
9/22/2017 4:35:2
Connected to the database as id 118
---------------
9/22/2017 4:35:14
/crypt
---------------
9/22/2017 4:35:14
{"encrypted":"$2a$10$Vn/zPCM8sSSaYnRmggV4CO44RB/s5ZzChX5RWxmbj9CLRtfJdXkUu"}
---------------
9/22/2017 4:35:16
SELECT * FROM user WHERE iduser='26'
---------------
9/22/2017 4:35:16
User Id: 25, login: admin
---------------
9/22/2017 4:35:16
Connected to the database as id 119
---------------
9/22/2017 4:35:16
Connexion to the database as id 119 ended !
---------------
9/22/2017 4:35:16
UPDATE user SET iduser='26', login='user', password='$2a$10$Vn/zPCM8sSSaYnRmggV4CO44RB/s5ZzChX5RWxmbj9CLRtfJdXkUu', email='user@g', type='0', country='FK', lastname='', firstname='', phone1='', phone2='', phone3='', tag='', availability='', language='FK', office='', postalcode='', city='', address1='', address2='', application='', validated='1', organisation='', creationdate='2017-08-03 09:41:58', updatedate='2017-08-05 16:35:09' WHERE iduser='26'
---------------
9/22/2017 4:35:16
User Id: 25, login: admin
---------------
9/22/2017 4:35:16
Connected to the database as id 120
---------------
9/22/2017 4:35:16
Connexion to the database as id 120 ended !
---------------
9/22/2017 4:35:18
SELECT * FROM user WHERE iduser='26' ORDER BY user.iduser
---------------
9/22/2017 4:35:18
User Id: 25, login: admin
---------------
9/22/2017 4:35:18
Connected to the database as id 121
---------------
9/22/2017 4:35:18
Connexion to the database as id 121 ended !
